<<<<<<< HEAD
----------------------------------------------------------------
Tue Sep 12 12:21:57 COT 2017:
 Iniciando instancia a816c00e-015e-771c-9c7a-00000db0bd48 de Derby, versión The Apache Software Foundation - Apache Derby - 10.10.2.0 - (1582446): 
en el directorio de base de datos C:\Users\jc.gloria\AppData\Local\Temp\gfembed6763892264762172290tmp\lib\databases\embedded_default con el cargador de clases sun.misc.Launcher$AppClassLoader@6bc7c054
Cargado desde file:/C:/Users/jc.gloria/.m2/repository/org/glassfish/main/extras/glassfish-embedded-all/4.1/glassfish-embedded-all-4.1.jar
java.vendor=Oracle Corporation
java.runtime.version=1.8.0_144-b01
user.dir=C:\Users\jc.gloria\Documents\NetBeansProjects\s4_traducciones\traducciones\traducciones-back
=======
----------------------------------------------------------------
Mon Sep 11 22:53:40 COT 2017:
 Iniciando instancia a816c00e-015e-7438-9cd5-00000f187f70 de Derby, versión The Apache Software Foundation - Apache Derby - 10.10.2.0 - (1582446): 
en el directorio de base de datos C:\Users\ne.ortega\AppData\Local\Temp\gfembed8183808558585477064tmp\lib\databases\embedded_default con el cargador de clases sun.misc.Launcher$AppClassLoader@6bc7c054
Cargado desde file:/C:/Users/ne.ortega/.m2/repository/org/glassfish/main/extras/glassfish-embedded-all/4.1/glassfish-embedded-all-4.1.jar
java.vendor=Oracle Corporation
java.runtime.version=1.8.0_144-b01
user.dir=C:\Users\ne.ortega\Documents\NetBeansProjects\s4_traducciones\traducciones\traducciones-back
>>>>>>> 3bb03131ec220b20e99d6aefac2445c7d4a4a8d7
os.name=Windows 7
os.arch=amd64
os.version=6.1
derby.system.home=null
Cargador de clases de base de datos iniciado - derby.database.classpath=''
